<?xml version="1.0" encoding="UTF-8"?>
<testsuite xmlns:xsi="http://www.w3.org/2001/XMLSchema-instance" xsi:noNamespaceSchemaLocation="https://maven.apache.org/surefire/maven-surefire-plugin/xsd/surefire-test-report-3.0.xsd" version="3.0" name="org.example.AppTest" time="0.046" tests="1" errors="0" skipped="0" failures="0">
  <properties>
    <property name="java.specification.version" value="21"/>
    <property name="sun.cpu.isalist" value="amd64"/>
    <property name="sun.jnu.encoding" value="Cp1252"/>
    <property name="java.class.path" value="E:\college\level-4\2nd-term\Distributed Systems\Project\Repo\Graph-Shortest-Path-RMI\Client_RMI\target\test-classes;E:\college\level-4\2nd-term\Distributed Systems\Project\Repo\Graph-Shortest-Path-RMI\Client_RMI\target\classes;C:\Users\Abdulla S.Talha\.m2\repository\junit\junit\3.8.1\junit-3.8.1.jar;"/>
    <property name="java.vm.vendor" value="Oracle Corporation"/>
    <property name="sun.arch.data.model" value="64"/>
    <property name="user.variant" value=""/>
    <property name="java.vendor.url" value="https://java.oracle.com/"/>
    <property name="user.timezone" value="Africa/Cairo"/>
    <property name="os.name" value="Windows 11"/>
    <property name="java.vm.specification.version" value="21"/>
    <property name="sun.java.launcher" value="SUN_STANDARD"/>
    <property name="user.country" value="US"/>
    <property name="sun.boot.library.path" value="C:\Program Files\Java\jdk-21\bin"/>
    <property name="sun.java.command" value="C:\Users\Abdulla S.Talha\AppData\Local\Temp\surefire12275753231225433707\surefirebooter-20250515132525108_3.jar C:\Users\Abdulla S.Talha\AppData\Local\Temp\surefire12275753231225433707 2025-05-15T13-25-23_308-jvmRun1 surefire-20250515132525108_1tmp surefire_0-20250515132525108_2tmp"/>
    <property name="jdk.debug" value="release"/>
    <property name="surefire.test.class.path" value="E:\college\level-4\2nd-term\Distributed Systems\Project\Repo\Graph-Shortest-Path-RMI\Client_RMI\target\test-classes;E:\college\level-4\2nd-term\Distributed Systems\Project\Repo\Graph-Shortest-Path-RMI\Client_RMI\target\classes;C:\Users\Abdulla S.Talha\.m2\repository\junit\junit\3.8.1\junit-3.8.1.jar;"/>
    <property name="sun.cpu.endian" value="little"/>
    <property name="user.home" value="C:\Users\Abdulla S.Talha"/>
    <property name="user.language" value="en"/>
    <property name="java.specification.vendor" value="Oracle Corporation"/>
    <property name="java.version.date" value="2025-01-21"/>
    <property name="java.home" value="C:\Program Files\Java\jdk-21"/>
    <property name="file.separator" value="\"/>
    <property name="basedir" value="E:\college\level-4\2nd-term\Distributed Systems\Project\Repo\Graph-Shortest-Path-RMI\Client_RMI"/>
    <property name="java.vm.compressedOopsMode" value="Zero based"/>
    <property name="line.separator" value="&#10;"/>
    <property name="java.vm.specification.vendor" value="Oracle Corporation"/>
    <property name="java.specification.name" value="Java Platform API Specification"/>
    <property name="surefire.real.class.path" value="C:\Users\Abdulla S.Talha\AppData\Local\Temp\surefire12275753231225433707\surefirebooter-20250515132525108_3.jar"/>
    <property name="user.script" value=""/>
    <property name="sun.management.compiler" value="HotSpot 64-Bit Tiered Compilers"/>
    <property name="java.runtime.version" value="21.0.6+8-LTS-188"/>
    <property name="user.name" value="Abdulla S.Talha"/>
    <property name="stdout.encoding" value="Cp1252"/>
    <property name="path.separator" value=";"/>
    <property name="os.version" value="10.0"/>
    <property name="java.runtime.name" value="Java(TM) SE Runtime Environment"/>
    <property name="file.encoding" value="UTF-8"/>
    <property name="java.vm.name" value="Java HotSpot(TM) 64-Bit Server VM"/>
    <property name="localRepository" value="C:\Users\Abdulla S.Talha\.m2\repository"/>
    <property name="java.vendor.url.bug" value="https://bugreport.java.com/bugreport/"/>
    <property name="java.io.tmpdir" value="C:\Users\ABDULL~1.TAL\AppData\Local\Temp\"/>
    <property name="java.version" value="21.0.6"/>
    <property name="user.dir" value="E:\college\level-4\2nd-term\Distributed Systems\Project\Repo\Graph-Shortest-Path-RMI\Client_RMI"/>
    <property name="os.arch" value="amd64"/>
    <property name="java.vm.specification.name" value="Java Virtual Machine Specification"/>
    <property name="sun.os.patch.level" value=""/>
    <property name="native.encoding" value="Cp1252"/>
    <property name="java.library.path" value="C:\Program Files\Java\jdk-21\bin;C:\WINDOWS\Sun\Java\bin;C:\WINDOWS\system32;C:\WINDOWS;C:\Program Files\Common Files\Oracle\Java\javapath;C:\Program Files (x86)\Common Files\Oracle\Java\java8path;C:\Program Files (x86)\Common Files\Oracle\Java\javapath;C:\Program Files\NVIDIA GPU Computing Toolkit\CUDA\v11.8\bin;C:\Program Files\NVIDIA GPU Computing Toolkit\CUDA\v11.8\libnvvp;C:\msys64\ucrt64\bin;C:\Program Files\NVIDIA Corporation\Nsight Compute 2022.3.0\;C:\Program Files\Java\jdk-21\bin;C:\Program Files\Java\jdk-21;C:\Users\Abdulla S.Talha\AppData\Local\Programs\Swift\Toolchains\6.1.0+Asserts\usr\bin;C:\Program Files\nodejs\;C:\ProgramData\chocolatey\bin;C:\Program Files\Python310\Scripts;C:\WINDOWS\system32;C:\WINDOWS;C:\WINDOWS\System32\Wbem;C:\WINDOWS\System32\WindowsPowerShell\v1.0\;C:\WINDOWS\System32\OpenSSH\;C:\Program Files\Go\bin;C:\Program Files\Graphviz\bin;C:\Strawberry\c\bin;C:\Strawberry\perl\site\bin;C:\Strawberry\perl\bin;C:\Program Files\NVIDIA Corporation\NVIDIA app\NvDLISR;C:\protoc\bin;C:\Thrift;C:\apache-maven-3.9.9\bin;C:\apache-maven-3.9.9;C:\Users\Abdulla S.Talha\.cargo\bin;C:\Users\Abdulla S.Talha\AppData\Local\Programs\Python\Python313\Scripts\;C:\Users\Abdulla S.Talha\AppData\Local\Programs\Python\Python313\;C:\Program Files\NVIDIA GPU Computing Toolkit\CUDA\v12.4;C:\Users\Abdulla S.Talha\AppData\Local\Programs\Microsoft VS Code\bin;C:\msys64\ucrt64\bin;C:\Program Files\Java\jdk-17.0.2\bin;C:\Users\Abdulla S.Talha\AppData\Roaming\npm;C:\Users\Abdulla S.Talha\AppData\Local\Microsoft\WindowsApps;C:\Users\Abdulla S.Talha\go\bin;C:\Program Files\Graphviz\bin;C:\Users\Abdulla S.Talha\AppData\Local\Programs\MiKTeX\miktex\bin\x64\;C:\ProgramData\Abdulla S.Talha\gitkraken\bin;C:\Users\Abdulla S.Talha\AppData\Local\Programs\Swift\Runtimes\6.1.0\usr\bin\;C:\Users\Abdulla S.Talha\AppData\Local\Programs\Swift\Toolchains\6.1.0+Asserts\usr\bin\;c:\Users\Abdulla S.Talha\AppData\Roaming\Code\User\globalStorage\github.copilot-chat\debugCommand;."/>
    <property name="java.vm.info" value="mixed mode, sharing"/>
    <property name="stderr.encoding" value="Cp1252"/>
    <property name="java.vendor" value="Oracle Corporation"/>
    <property name="java.vm.version" value="21.0.6+8-LTS-188"/>
    <property name="sun.io.unicode.encoding" value="UnicodeLittle"/>
    <property name="java.class.version" value="65.0"/>
  </properties>
  <testcase name="testApp" classname="org.example.AppTest" time="0.004"/>
</testsuite>